<?xml version="1.0" encoding="UTF-8"?>
<!-- Generated by org.testng.reporters.JUnitXMLReporter -->
<testsuite ignored="0" hostname="Muras-MB-Pro.local" failures="0" tests="10" name="Test-Chrome" time="157.817" errors="0" timestamp="2025-03-28T23:06:56 PDT">
  <testcase classname="com.Automation.Tests.LoginTest" name="invalidLoginTest" time="5.924"/>
  <testcase classname="com.Automation.Tests.LoginTest" name="invalidLoginTest" time="12.371"/>
  <testcase classname="com.Automation.Tests.LoginTest" name="invalidLoginTest" time="5.37"/>
  <testcase classname="com.Automation.Tests.LoginTest" name="invalidLoginTest" time="12.72"/>
  <testcase classname="com.Automation.Tests.LoginTest" name="invalidLoginTest" time="10.748"/>
  <testcase classname="com.Automation.Tests.LoginTest" name="invalidLoginTest" time="12.606"/>
  <testcase classname="com.Automation.Tests.LoginTest" name="invalidLoginTest" time="5.364"/>
  <testcase classname="com.Automation.Tests.LoginTest" name="invalidLoginTest" time="5.601"/>
  <testcase classname="com.Automation.Tests.LoginTest" name="invalidLoginTest" time="12.328"/>
  <testcase classname="com.Automation.Tests.LoginTest" name="validLoginTest" time="7.671"/>
</testsuite> <!-- Test-Chrome -->
