<?xml version="1.0" encoding="UTF-8"?>
<!-- Generated by org.testng.reporters.JUnitXMLReporter -->
<testsuite ignored="0" hostname="Muras-MB-Pro.local" failures="1" tests="10" name="Test-Firefox" time="148.961" errors="0" timestamp="2025-03-28T23:09:25 PDT">
  <testcase classname="com.Automation.Tests.LoginTest" name="invalidLoginTest" time="5.386"/>
  <testcase classname="com.Automation.Tests.LoginTest" name="invalidLoginTest" time="5.507"/>
  <testcase classname="com.Automation.Tests.LoginTest" name="invalidLoginTest" time="5.613"/>
  <testcase classname="com.Automation.Tests.LoginTest" name="invalidLoginTest" time="5.559"/>
  <testcase classname="com.Automation.Tests.LoginTest" name="invalidLoginTest" time="5.522"/>
  <testcase classname="com.Automation.Tests.LoginTest" name="invalidLoginTest" time="5.392"/>
  <testcase classname="com.Automation.Tests.LoginTest" name="invalidLoginTest" time="5.502"/>
  <testcase classname="com.Automation.Tests.LoginTest" name="invalidLoginTest" time="5.449"/>
  <testcase classname="com.Automation.Tests.LoginTest" name="invalidLoginTest" time="5.378"/>
  <testcase classname="com.Automation.Tests.LoginTest" name="validLoginTest" time="5.456">
    <failure type="java.lang.AssertionError" message="Valid login test failed! expected [true] but found [false]">
      <![CDATA[java.lang.AssertionError: Valid login test failed! expected [true] but found [false]
at com.Automation.Tests.LoginTest.validLoginTest(LoginTest.java:57)
at java.base/java.util.ArrayList.forEach(ArrayList.java:1596)
... Removed 28 stack frames]]>
    </failure>
  </testcase> <!-- validLoginTest -->
</testsuite> <!-- Test-Firefox -->
