<?xml version="1.0" encoding="UTF-8"?>
<!-- Generated by org.testng.reporters.JUnitReportReporter -->
<testsuite hostname="Muras-MB-Pro.local" failures="0" tests="1" name="com.Automation.Tests.UserMenuDropDownTest" time="21.029" errors="0" timestamp="2025-04-17T11:04:38 PDT" skipped="0">
  <testcase classname="com.Automation.Tests.UserMenuDropDownTest" name="userMenuTest" time="21.029"/>
</testsuite> <!-- com.Automation.Tests.UserMenuDropDownTest -->
