<?xml version="1.0" encoding="UTF-8"?>
<!-- Generated by org.testng.reporters.JUnitReportReporter -->
<testsuite hostname="Muras-MB-Pro.local" failures="0" tests="1" name="com.Automation.Tests.LoginTest" time="16.870" errors="0" timestamp="2025-04-14T16:29:09 PDT" skipped="0">
  <testcase classname="com.Automation.Tests.LoginTest" name="validLoginTest" time="16.870"/>
</testsuite> <!-- com.Automation.Tests.LoginTest -->
